# JRE version: Java(TM) SE Runtime Environment (8.0_25-b18) (build 1.8.0_25-b18)
# Java VM: Java HotSpot(TM) 64-Bit Server VM (25.25-b02 mixed mode windows-amd64 compressed oops)
Heap:
 PSYoungGen      total 186368K, used 183560K [0x00000000eab00000, 0x00000000f7c00000, 0x0000000100000000)
  eden space 160768K, 100% used [0x00000000eab00000,0x00000000f4800000,0x00000000f4800000)
  from space 25600K, 89% used [0x00000000f4800000,0x00000000f5e42030,0x00000000f6100000)
  to   space 23552K, 0% used [0x00000000f6100000,0x00000000f6100000,0x00000000f7800000)
 ParOldGen       total 116736K, used 60423K [0x00000000c0000000, 0x00000000c7200000, 0x00000000eab00000)
  object space 116736K, 51% used [0x00000000c0000000,0x00000000c3b01c30,0x00000000c7200000)
 Metaspace       used 74374K, capacity 78188K, committed 78464K, reserved 1116160K
  class space    used 10126K, capacity 11530K, committed 11648K, reserved 1048576K
GC Heap History (10 events):
Event: 888.187 GC heap before
{Heap before GC invocations=22 (full 3):
 PSYoungGen      total 154112K, used 152475K [0x00000000eab00000, 0x00000000f6d00000, 0x0000000100000000)
  eden space 137728K, 100% used [0x00000000eab00000,0x00000000f3180000,0x00000000f3180000)
  from space 16384K, 90% used [0x00000000f4380000,0x00000000f51e6f78,0x00000000f5380000)
  to   space 18432K, 0% used [0x00000000f3180000,0x00000000f3180000,0x00000000f4380000)
 ParOldGen       total 60416K, used 42827K [0x00000000c0000000, 0x00000000c3b00000, 0x00000000eab00000)
  object space 60416K, 70% used [0x00000000c0000000,0x00000000c29d2f30,0x00000000c3b00000)
 Metaspace       used 58491K, capacity 60620K, committed 60928K, reserved 1101824K
  class space    used 7870K, capacity 8638K, committed 8704K, reserved 1048576K
Event: 888.317 GC heap after
Heap after GC invocations=22 (full 3):
 PSYoungGen      total 156160K, used 18424K [0x00000000eab00000, 0x00000000f7800000, 0x0000000100000000)
  eden space 137728K, 0% used [0x00000000eab00000,0x00000000eab00000,0x00000000f3180000)
  from space 18432K, 99% used [0x00000000f3180000,0x00000000f437e000,0x00000000f4380000)
  to   space 23552K, 0% used [0x00000000f6100000,0x00000000f6100000,0x00000000f7800000)
 ParOldGen       total 60416K, used 49037K [0x00000000c0000000, 0x00000000c3b00000, 0x00000000eab00000)
  object space 60416K, 81% used [0x00000000c0000000,0x00000000c2fe36d8,0x00000000c3b00000)
 Metaspace       used 58491K, capacity 60620K, committed 60928K, reserved 1101824K
  class space    used 7870K, capacity 8638K, committed 8704K, reserved 1048576K
}
Event: 893.783 GC heap before
{Heap before GC invocations=23 (full 3):
 PSYoungGen      total 156160K, used 77040K [0x00000000eab00000, 0x00000000f7800000, 0x0000000100000000)
  eden space 137728K, 42% used [0x00000000eab00000,0x00000000ee43e338,0x00000000f3180000)
  from space 18432K, 99% used [0x00000000f3180000,0x00000000f437e000,0x00000000f4380000)
  to   space 23552K, 0% used [0x00000000f6100000,0x00000000f6100000,0x00000000f7800000)
 ParOldGen       total 60416K, used 49037K [0x00000000c0000000, 0x00000000c3b00000, 0x00000000eab00000)
  object space 60416K, 81% used [0x00000000c0000000,0x00000000c2fe36d8,0x00000000c3b00000)
 Metaspace       used 59212K, capacity 61542K, committed 61568K, reserved 1101824K
  class space    used 7967K, capacity 8816K, committed 8832K, reserved 1048576K
Event: 893.834 GC heap after
Heap after GC invocations=23 (full 3):
 PSYoungGen      total 184320K, used 19570K [0x00000000eab00000, 0x00000000f7c00000, 0x0000000100000000)
  eden space 160768K, 0% used [0x00000000eab00000,0x00000000eab00000,0x00000000f4800000)
  from space 23552K, 83% used [0x00000000f6100000,0x00000000f741cbb8,0x00000000f7800000)
  to   space 25600K, 0% used [0x00000000f4800000,0x00000000f4800000,0x00000000f6100000)
 ParOldGen       total 60416K, used 49045K [0x00000000c0000000, 0x00000000c3b00000, 0x00000000eab00000)
  object space 60416K, 81% used [0x00000000c0000000,0x00000000c2fe56d8,0x00000000c3b00000)
 Metaspace       used 59212K, capacity 61542K, committed 61568K, reserved 1101824K
  class space    used 7967K, capacity 8816K, committed 8832K, reserved 1048576K
}
Event: 893.834 GC heap before
{Heap before GC invocations=24 (full 4):
 PSYoungGen      total 184320K, used 19570K [0x00000000eab00000, 0x00000000f7c00000, 0x0000000100000000)
  eden space 160768K, 0% used [0x00000000eab00000,0x00000000eab00000,0x00000000f4800000)
  from space 23552K, 83% used [0x00000000f6100000,0x00000000f741cbb8,0x00000000f7800000)
  to   space 25600K, 0% used [0x00000000f4800000,0x00000000f4800000,0x00000000f6100000)
 ParOldGen       total 60416K, used 49045K [0x00000000c0000000, 0x00000000c3b00000, 0x00000000eab00000)
  object space 60416K, 81% used [0x00000000c0000000,0x00000000c2fe56d8,0x00000000c3b00000)
 Metaspace       used 59212K, capacity 61542K, committed 61568K, reserved 1101824K
  class space    used 7967K, capacity 8816K, committed 8832K, reserved 1048576K
Event: 895.092 GC heap after
Heap after GC invocations=24 (full 4):
 PSYoungGen      total 184320K, used 4655K [0x00000000eab00000, 0x00000000f7c00000, 0x0000000100000000)
  eden space 160768K, 0% used [0x00000000eab00000,0x00000000eab00000,0x00000000f4800000)
  from space 23552K, 19% used [0x00000000f6100000,0x00000000f658bda8,0x00000000f7800000)
  to   space 25600K, 0% used [0x00000000f4800000,0x00000000f4800000,0x00000000f6100000)
 ParOldGen       total 60416K, used 60083K [0x00000000c0000000, 0x00000000c3b00000, 0x00000000eab00000)
  object space 60416K, 99% used [0x00000000c0000000,0x00000000c3aacd28,0x00000000c3b00000)
 Metaspace       used 59179K, capacity 61428K, committed 61568K, reserved 1101824K
  class space    used 7959K, capacity 8782K, committed 8832K, reserved 1048576K
}
Event: 965.773 GC heap before
{Heap before GC invocations=25 (full 5):
 PSYoungGen      total 184320K, used 165423K [0x00000000eab00000, 0x00000000f7c00000, 0x0000000100000000)
  eden space 160768K, 100% used [0x00000000eab00000,0x00000000f4800000,0x00000000f4800000)
  from space 23552K, 19% used [0x00000000f6100000,0x00000000f658bda8,0x00000000f7800000)
  to   space 25600K, 0% used [0x00000000f4800000,0x00000000f4800000,0x00000000f6100000)
 ParOldGen       total 60416K, used 60083K [0x00000000c0000000, 0x00000000c3b00000, 0x00000000eab00000)
  object space 60416K, 99% used [0x00000000c0000000,0x00000000c3aacd28,0x00000000c3b00000)
 Metaspace       used 65748K, capacity 68686K, committed 68864K, reserved 1107968K
  class space    used 8879K, capacity 9957K, committed 9984K, reserved 1048576K
Event: 967.169 GC heap after
Heap after GC invocations=25 (full 5):
 PSYoungGen      total 184320K, used 15520K [0x00000000eab00000, 0x00000000f7c00000, 0x0000000100000000)
  eden space 160768K, 9% used [0x00000000eab00000,0x00000000eba282a8,0x00000000f4800000)
  from space 23552K, 0% used [0x00000000f6100000,0x00000000f6100000,0x00000000f7800000)
  to   space 25600K, 0% used [0x00000000f4800000,0x00000000f4800000,0x00000000f6100000)
 ParOldGen       total 116736K, used 60415K [0x00000000c0000000, 0x00000000c7200000, 0x00000000eab00000)
  object space 116736K, 51% used [0x00000000c0000000,0x00000000c3affc30,0x00000000c7200000)
 Metaspace       used 65748K, capacity 68686K, committed 68864K, reserved 1107968K
  class space    used 8879K, capacity 9957K, committed 9984K, reserved 1048576K
}
Event: 984.782 GC heap before
{Heap before GC invocations=26 (full 5):
 PSYoungGen      total 184320K, used 160768K [0x00000000eab00000, 0x00000000f7c00000, 0x0000000100000000)
  eden space 160768K, 100% used [0x00000000eab00000,0x00000000f4800000,0x00000000f4800000)
  from space 23552K, 0% used [0x00000000f6100000,0x00000000f6100000,0x00000000f7800000)
  to   space 25600K, 0% used [0x00000000f4800000,0x00000000f4800000,0x00000000f6100000)
 ParOldGen       total 116736K, used 60415K [0x00000000c0000000, 0x00000000c7200000, 0x00000000eab00000)
  object space 116736K, 51% used [0x00000000c0000000,0x00000000c3affc30,0x00000000c7200000)
 Metaspace       used 67520K, capacity 70948K, committed 71168K, reserved 1110016K
  class space    used 9152K, capacity 10391K, committed 10496K, reserved 1048576K
Event: 984.905 GC heap after
Heap after GC invocations=26 (full 5):
 PSYoungGen      total 186368K, used 22792K [0x00000000eab00000, 0x00000000f7c00000, 0x0000000100000000)
  eden space 160768K, 0% used [0x00000000eab00000,0x00000000eab00000,0x00000000f4800000)
  from space 25600K, 89% used [0x00000000f4800000,0x00000000f5e42030,0x00000000f6100000)
  to   space 23552K, 0% used [0x00000000f6100000,0x00000000f6100000,0x00000000f7800000)
 ParOldGen       total 116736K, used 60423K [0x00000000c0000000, 0x00000000c7200000, 0x00000000eab00000)
  object space 116736K, 51% used [0x00000000c0000000,0x00000000c3b01c30,0x00000000c7200000)
 Metaspace       used 67520K, capacity 70948K, committed 71168K, reserved 1110016K
  class space    used 9152K, capacity 10391K, committed 10496K, reserved 1048576K
}

